<?xml version="1.0" encoding="UTF-8"?>
<!-- Generated by org.testng.reporters.JUnitReportReporter -->
<testsuite hostname="DESKTOP-FBV7UUO" failures="0" tests="2" name="CRUD_Operations.TestPOST" time="2.715" errors="0" timestamp="2024-06-07T00:48:00 IST" skipped="0">
  <testcase classname="CRUD_Operations.TestPOST" name="pingRequest" time="1.274"/>
  <testcase classname="CRUD_Operations.TestPOST" name="postReq" time="1.441"/>
</testsuite> <!-- CRUD_Operations.TestPOST -->
