<?xml version="1.0" encoding="UTF-8"?>
<!-- Generated by org.testng.reporters.JUnitReportReporter -->
<testsuite hostname="DESKTOP-FBV7UUO" failures="0" tests="2" name="CRUD_Operations.TestDELETE" time="4.558" errors="0" timestamp="2024-06-07T00:48:00 IST" skipped="0">
  <testcase classname="CRUD_Operations.TestDELETE" name="pingRequest" time="1.303"/>
  <testcase classname="CRUD_Operations.TestDELETE" name="deleteReq" time="3.255"/>
</testsuite> <!-- CRUD_Operations.TestDELETE -->
